<?xml version="1.0" encoding="UTF-8"?>
<!-- Generated by org.testng.reporters.JUnitReportReporter -->
<testsuite hostname="INBASDLP01735" name="testCases.NewTest" tests="1" failures="0" timestamp="28 Feb 2018 06:39:19 GMT" time="10.858" errors="0">
  <testcase name="openMyFBPage" time="10.858" classname="testCases.NewTest"/>
</testsuite> <!-- testCases.NewTest -->
